Analysis initiated from SIMULIA established products
Abaqus JOB Job_T_steelBrick_L10_W10_D1_Sa150_Sb450_dS4
Abaqus 2022
Abaqus License Manager checked out the following licenses:
Abaqus/Standard checked out 12 tokens from Flexnet server LAPTOP-LDUUL3JB.
<9987 out of 9999 licenses remain available>.
Begin Analysis Input File Processor
2023/4/25 23:02:28
Run pre.exe
2023/4/25 23:02:35
End Analysis Input File Processor
Begin Abaqus/Standard Analysis
2023/4/25 23:02:35
Run standard.exe
2023/4/25 23:02:58
End Abaqus/Standard Analysis
Begin SIM Wrap-up
2023/4/25 23:03:00
Run SMASimUtility.exe
2023/4/25 23:03:00
End SIM Wrap-up
Abaqus JOB Job_T_steelBrick_L10_W10_D1_Sa150_Sb450_dS4 COMPLETED
