Analysis initiated from SIMULIA established products
Abaqus JOB Job_T_steelBrick_L10_W10_D1_Sa450_Sb450_dS1
Abaqus 2022
Abaqus License Manager checked out the following licenses:
Abaqus/Standard checked out 12 tokens from Flexnet server LAPTOP-LDUUL3JB.
<9987 out of 9999 licenses remain available>.
Begin Analysis Input File Processor
2023/4/25 23:15:56
Run pre.exe
2023/4/25 23:16:03
End Analysis Input File Processor
Begin Abaqus/Standard Analysis
2023/4/25 23:16:03
Run standard.exe
2023/4/25 23:17:12
End Abaqus/Standard Analysis
Begin SIM Wrap-up
2023/4/25 23:17:14
Run SMASimUtility.exe
2023/4/25 23:17:14
End SIM Wrap-up
Abaqus JOB Job_T_steelBrick_L10_W10_D1_Sa450_Sb450_dS1 COMPLETED
