1
0
1
ASSEMBLY
1
Part Instance
PART_2D
1
Part Instance
36
1 1
2 2
3 3
4 4
5 5
6 6
7 7
8 8
9 9
10 10
11 11
12 12
13 13
14 14
15 15
16 16
17 17
18 18
19 19
20 20
21 21
22 22
23 23
24 24
25 25
26 26
27 27
28 28
29 29
30 30
31 31
32 32
33 33
34 34
35 35
36 36
1 1
2 2
3 3
4 4
5 5
6 6
7 7
8 8
9 9
10 10
11 11
12 12
13 13
14 14
15 15
16 16
17 17
18 18
19 19
20 20
21 21
22 22
23 23
24 24
25 25
26 26
27 27
28 28
29 29
30 30
31 31
32 32
33 33
34 34
35 35
36 36
0
1
Part Instance
25
1 1
2 2
3 3
4 4
5 5
6 6
7 7
8 8
9 9
10 10
11 11
12 12
13 13
14 14
15 15
16 16
17 17
18 18
19 19
20 20
21 21
22 22
23 23
24 24
25 25
1 1
2 2
3 3
4 4
5 5
6 6
7 7
8 8
9 9
10 10
11 11
12 12
13 13
14 14
15 15
16 16
17 17
18 18
19 19
20 20
21 21
22 22
23 23
24 24
25 25
0
8
EDGE_BOTTOM
0
1
0
1
Part Instance
5
1 2 3 4 5 
0
EDGE_LEFT
0
1
0
1
Part Instance
5
1 6 11 16 21 
0
EDGE_RIGHT
0
1
0
1
Part Instance
5
5 10 15 20 25 
0
EDGE_TOP
0
1
0
1
Part Instance
5
21 22 23 24 25 
0
_PICKEDSET10
0
2
0
1
Part Instance
5
1 6 11 16 21 
0
_PICKEDSET9
0
2
0
1
Part Instance
5
1 2 3 4 5 
0
__PICKEDSURF7_S2
0
2
0
1
Part Instance
5
5 10 15 20 25 
0
__PICKEDSURF8_S3
0
2
0
1
Part Instance
5
21 22 23 24 25 
0
1
Part Instance
1
_G2
0
2
25
1 2 3 4 5 6 7 8 9 10 11 12 13 14 15 16 17 18 19 20 21 22 23 24 25 
0
0
0
6
EDGE_BOTTOM
0
1
0
1
Part Instance
6
1 2 3 4 5 6 
0
EDGE_LEFT
0
1
0
1
Part Instance
6
1 7 13 19 25 31 
0
EDGE_RIGHT
0
1
0
1
Part Instance
6
6 12 18 24 30 36 
0
EDGE_TOP
0
1
0
1
Part Instance
6
31 32 33 34 35 36 
0
_PICKEDSET10
0
2
0
1
Part Instance
6
1 7 13 19 25 31 
0
_PICKEDSET9
0
2
0
1
Part Instance
6
1 2 3 4 5 6 
0
1
Part Instance
1
_G2
0
2
36
1 2 3 4 5 6 7 8 9 10 11 12 13 14 15 16 17 18 19 20 21 22 23 24 25 26 27 28 29 30 31 32 33 34 35 36 
0
0
0
0
2
_PICKEDSURF7
1
0
0
1
Part Instance
0
0
1
S2
5
5 10 15 20 25 
_PICKEDSURF8
1
0
0
1
Part Instance
0
0
1
S3
5
21 22 23 24 25 
